<?xml version="1.0" encoding="UTF-8"?>
<testsuite name="baseball.BallsTest" tests="1" skipped="0" failures="0" errors="0" timestamp="2021-11-29T08:54:16" hostname="DESKTOP-VAJ5L5G" time="0.062">
  <properties/>
  <testcase name="세 개의 값과 세 개의 응답" classname="baseball.BallsTest" time="0.062"/>
  <system-out><![CDATA[]]></system-out>
  <system-err><![CDATA[]]></system-err>
</testsuite>
