<?xml version="1.0" encoding="UTF-8"?>
<testsuite name="baseball.ValidNumberTest" tests="1" skipped="0" failures="0" errors="0" timestamp="2021-11-29T04:11:37" hostname="DESKTOP-VAJ5L5G" time="0.062">
  <properties/>
  <testcase name="값에 중복이 없는지 테스트" classname="baseball.ValidNumberTest" time="0.062"/>
  <system-out><![CDATA[]]></system-out>
  <system-err><![CDATA[]]></system-err>
</testsuite>
