<?xml version="1.0" encoding="UTF-8"?>
<testsuite name="baseball.BallTest" tests="3" skipped="0" failures="0" errors="0" timestamp="2021-11-29T07:08:34" hostname="DESKTOP-VAJ5L5G" time="0.068">
  <properties/>
  <testcase name="같은 자리에 같은 숫자인 경우" classname="baseball.BallTest" time="0.064"/>
  <testcase name="같은 자리에 같은 숫자인 경우" classname="baseball.BallTest" time="0.001"/>
  <testcase name="같은 자리에 같은 숫자인 경우" classname="baseball.BallTest" time="0.001"/>
  <system-out><![CDATA[컴퓨터의 숫자: position 1, number 2
컴퓨터의 숫자: position 1, number 2
컴퓨터의 숫자: position 1, number 2
]]></system-out>
  <system-err><![CDATA[]]></system-err>
</testsuite>
