<?xml version="1.0" encoding="UTF-8"?>
<testsuite name="baseball.ValidationNumberTest" tests="1" skipped="0" failures="0" errors="0" timestamp="2021-11-26T09:35:12" hostname="DESKTOP-VAJ5L5G" time="0.059">
  <properties/>
  <testcase name="야구게임_숫자_1_9_검증()" classname="baseball.ValidationNumberTest" time="0.059"/>
  <system-out><![CDATA[]]></system-out>
  <system-err><![CDATA[]]></system-err>
</testsuite>
