<?xml version="1.0" encoding="UTF-8"?>
<testsuite name="second_try.baseball.domain.RefereeTest" tests="3" skipped="0" failures="0" errors="0" timestamp="2021-11-30T04:36:19" hostname="DESKTOP-VAJ5L5G" time="0.079">
  <properties/>
  <testcase name="[1] 1, 2, 3, 0볼 3스트라이크" classname="second_try.baseball.domain.RefereeTest" time="0.074"/>
  <testcase name="[2] 4, 5, 6, NOTHING" classname="second_try.baseball.domain.RefereeTest" time="0.001"/>
  <testcase name="[3] 2, 4, 5, 1볼 0스트라이크" classname="second_try.baseball.domain.RefereeTest" time="0.001"/>
  <system-out><![CDATA[]]></system-out>
  <system-err><![CDATA[]]></system-err>
</testsuite>
