<?xml version="1.0" encoding="UTF-8"?>
<testsuite name="first_try.baseball.ComputerTest" tests="1" skipped="0" failures="0" errors="0" timestamp="2021-11-26T06:08:28" hostname="DESKTOP-VAJ5L5G" time="0.018">
  <properties/>
  <testcase name="컴퓨터가 생성한 숫자가 중복되는지 테스트" classname="first_try.baseball.ComputerTest" time="0.018"/>
  <system-out><![CDATA[[Ljava.lang.String;@39a6ef57
]]></system-out>
  <system-err><![CDATA[]]></system-err>
</testsuite>
